Arguments: 
  C:\Program Files\nodejs\node.exe C:\Users\geral\AppData\Roaming\npm\node_modules\yarn\bin\yarn.js global add create-react-app

PATH: 
  C:\WINDOWS\system32;C:\WINDOWS;C:\WINDOWS\System32\Wbem;C:\WINDOWS\System32\WindowsPowerShell\v1.0\;C:\WINDOWS\System32\OpenSSH\;C:\Program Files (x86)\dotnet\;C:\Program Files\nodejs\;C:\Program Files\Git\cmd;C:\Program Files\Docker\Docker\resources\bin;C:\Users\geral\AppData\Local\Programs\Python\Python311\Scripts\;C:\Users\geral\AppData\Local\Programs\Python\Python311\;C:\Users\geral\AppData\Local\Microsoft\WindowsApps;C:\Users\geral\AppData\Local\Programs\Microsoft VS Code\bin;C:\Users\geral\AppData\Local\GitHubDesktop\bin;C:\Users\geral\Downloads\Programas\PHP\php-8.2.1-nts-Win32-vs16-x64;C:\Users\geral\AppData\Local\Programs\Hyper\resources\bin;C:\Users\geral\AppData\Roaming\npm

Yarn version: 
  1.22.19

Node version: 
  18.16.0

Platform: 
  win32 x64

Trace: 
  SyntaxError: C:\Users\geral\OneDrive\Área de Trabalho\Meus projetos\projetosMobile\aplicativo-upae\package.json: Unexpected end of JSON input
      at JSON.parse (<anonymous>)
      at C:\Users\geral\AppData\Roaming\npm\node_modules\yarn\lib\cli.js:1629:59
      at Generator.next (<anonymous>)
      at step (C:\Users\geral\AppData\Roaming\npm\node_modules\yarn\lib\cli.js:310:30)
      at C:\Users\geral\AppData\Roaming\npm\node_modules\yarn\lib\cli.js:321:13

npm manifest: 
  

yarn manifest: 
  No manifest

Lockfile: 
  No lockfile
